<?xml version="1.0" encoding="UTF-8"?>
<coverage generated="1671975746294" clover="3.2.0">
  <project timestamp="1671975746294" name="All files">
    <metrics statements="47" coveredstatements="28" conditionals="26" coveredconditionals="14" methods="4" coveredmethods="3" elements="77" coveredelements="45" complexity="0" loc="47" ncloc="47" packages="3" files="3" classes="3"/>
    <package name="src">
      <metrics statements="20" coveredstatements="13" conditionals="7" coveredconditionals="3" methods="2" coveredmethods="2"/>
      <file name="main.ts" path="/Users/andrej/Desktop/CRUD-API/src/main.ts">
        <metrics statements="20" coveredstatements="13" conditionals="7" coveredconditionals="3" methods="2" coveredmethods="2"/>
        <line num="1" count="1" type="stmt"/>
        <line num="2" count="1" type="stmt"/>
        <line num="3" count="1" type="stmt"/>
        <line num="4" count="1" type="stmt"/>
        <line num="6" count="1" type="stmt"/>
        <line num="8" count="1" type="cond" truecount="1" falsecount="1"/>
        <line num="10" count="1" type="stmt"/>
        <line num="11" count="3" type="cond" truecount="2" falsecount="3"/>
        <line num="13" count="2" type="stmt"/>
        <line num="14" count="2" type="stmt"/>
        <line num="17" count="1" type="stmt"/>
        <line num="20" count="0" type="stmt"/>
        <line num="23" count="0" type="stmt"/>
        <line num="26" count="0" type="stmt"/>
        <line num="27" count="0" type="stmt"/>
        <line num="28" count="0" type="stmt"/>
        <line num="29" count="0" type="stmt"/>
        <line num="30" count="0" type="stmt"/>
        <line num="35" count="1" type="stmt"/>
        <line num="36" count="1" type="stmt"/>
      </file>
    </package>
    <package name="src.data">
      <metrics statements="2" coveredstatements="2" conditionals="0" coveredconditionals="0" methods="0" coveredmethods="0"/>
      <file name="users.ts" path="/Users/andrej/Desktop/CRUD-API/src/data/users.ts">
        <metrics statements="2" coveredstatements="2" conditionals="0" coveredconditionals="0" methods="0" coveredmethods="0"/>
        <line num="1" count="1" type="stmt"/>
        <line num="3" count="1" type="stmt"/>
      </file>
    </package>
    <package name="src.methods">
      <metrics statements="25" coveredstatements="13" conditionals="19" coveredconditionals="11" methods="2" coveredmethods="1"/>
      <file name="get-request.ts" path="/Users/andrej/Desktop/CRUD-API/src/methods/get-request.ts">
        <metrics statements="25" coveredstatements="13" conditionals="19" coveredconditionals="11" methods="2" coveredmethods="1"/>
        <line num="4" count="1" type="stmt"/>
        <line num="11" count="2" type="cond" truecount="3" falsecount="1"/>
        <line num="12" count="2" type="cond" truecount="5" falsecount="1"/>
        <line num="13" count="2" type="stmt"/>
        <line num="15" count="2" type="cond" truecount="2" falsecount="0"/>
        <line num="16" count="1" type="stmt"/>
        <line num="17" count="1" type="stmt"/>
        <line num="18" count="1" type="stmt"/>
        <line num="19" count="1" type="stmt"/>
        <line num="20" count="1" type="cond" truecount="1" falsecount="0"/>
        <line num="21" count="1" type="stmt"/>
        <line num="22" count="1" type="stmt"/>
        <line num="23" count="1" type="stmt"/>
        <line num="26" count="0" type="cond" truecount="0" falsecount="1"/>
        <line num="27" count="0" type="stmt"/>
        <line num="28" count="0" type="stmt"/>
        <line num="29" count="0" type="stmt"/>
        <line num="32" count="0" type="cond" truecount="0" falsecount="3"/>
        <line num="33" count="0" type="stmt"/>
        <line num="34" count="0" type="stmt"/>
        <line num="35" count="0" type="cond" truecount="0" falsecount="2"/>
        <line num="36" count="0" type="stmt"/>
        <line num="37" count="0" type="stmt"/>
        <line num="39" count="0" type="stmt"/>
        <line num="40" count="0" type="stmt"/>
      </file>
    </package>
  </project>
</coverage>
