{"/Users/andrej/Desktop/CRUD-API/src/main.ts": {"path":"/Users/andrej/Desktop/CRUD-API/src/main.ts","statementMap":{"0":{"start":{"line":1,"column":0},"end":{"line":1,"column":29}},"1":{"start":{"line":2,"column":0},"end":{"line":2,"column":28}},"2":{"start":{"line":3,"column":0},"end":{"line":3,"column":50}},"3":{"start":{"line":4,"column":0},"end":{"line":4,"column":40}},"4":{"start":{"line":6,"column":0},"end":{"line":6,"column":null}},"5":{"start":{"line":8,"column":13},"end":{"line":8,"column":37}},"6":{"start":{"line":10,"column":13},"end":{"line":33,"column":null}},"7":{"start":{"line":11,"column":1},"end":{"line":31,"column":null}},"8":{"start":{"line":13,"column":3},"end":{"line":13,"column":null}},"9":{"start":{"line":14,"column":3},"end":{"line":14,"column":9}},"10":{"start":{"line":17,"column":3},"end":{"line":17,"column":9}},"11":{"start":{"line":20,"column":3},"end":{"line":20,"column":9}},"12":{"start":{"line":23,"column":3},"end":{"line":23,"column":9}},"13":{"start":{"line":26,"column":3},"end":{"line":26,"column":null}},"14":{"start":{"line":27,"column":3},"end":{"line":27,"column":null}},"15":{"start":{"line":28,"column":3},"end":{"line":28,"column":null}},"16":{"start":{"line":29,"column":3},"end":{"line":29,"column":null}},"17":{"start":{"line":30,"column":3},"end":{"line":30,"column":9}},"18":{"start":{"line":35,"column":0},"end":{"line":37,"column":null}},"19":{"start":{"line":36,"column":1},"end":{"line":36,"column":null}}},"fnMap":{"0":{"name":"(anonymous_7)","decl":{"start":{"line":10,"column":40},"end":{"line":10,"column":41}},"loc":{"start":{"line":10,"column":53},"end":{"line":33,"column":1}}},"1":{"name":"(anonymous_8)","decl":{"start":{"line":35,"column":20},"end":{"line":35,"column":23}},"loc":{"start":{"line":35,"column":25},"end":{"line":37,"column":1}}}},"branchMap":{"0":{"loc":{"start":{"line":8,"column":13},"end":{"line":8,"column":37}},"type":"binary-expr","locations":[{"start":{"line":8,"column":13},"end":{"line":8,"column":29}},{"start":{"line":8,"column":33},"end":{"line":8,"column":37}}]},"1":{"loc":{"start":{"line":11,"column":1},"end":{"line":31,"column":null}},"type":"switch","locations":[{"start":{"line":12,"column":2},"end":{"line":14,"column":9}},{"start":{"line":15,"column":2},"end":{"line":17,"column":9}},{"start":{"line":18,"column":2},"end":{"line":20,"column":9}},{"start":{"line":21,"column":2},"end":{"line":23,"column":9}},{"start":{"line":25,"column":2},"end":{"line":30,"column":9}}]}},"s":{"0":1,"1":1,"2":1,"3":1,"4":1,"5":1,"6":1,"7":3,"8":2,"9":2,"10":1,"11":0,"12":0,"13":0,"14":0,"15":0,"16":0,"17":0,"18":1,"19":1},"f":{"0":3,"1":1},"b":{"0":[1,0],"1":[2,1,0,0,0]}}
,"/Users/andrej/Desktop/CRUD-API/src/data/users.ts": {"path":"/Users/andrej/Desktop/CRUD-API/src/data/users.ts","statementMap":{"0":{"start":{"line":1,"column":0},"end":{"line":1,"column":35}},"1":{"start":{"line":3,"column":13},"end":{"line":10,"column":null}}},"fnMap":{},"branchMap":{},"s":{"0":1,"1":1},"f":{},"b":{}}
,"/Users/andrej/Desktop/CRUD-API/src/methods/get-request.ts": {"path":"/Users/andrej/Desktop/CRUD-API/src/methods/get-request.ts","statementMap":{"0":{"start":{"line":4,"column":22},"end":{"line":43,"column":1}},"1":{"start":{"line":11,"column":17},"end":{"line":11,"column":68}},"2":{"start":{"line":12,"column":12},"end":{"line":12,"column":40}},"3":{"start":{"line":13,"column":17},"end":{"line":13,"column":101}},"4":{"start":{"line":15,"column":1},"end":{"line":24,"column":null}},"5":{"start":{"line":16,"column":2},"end":{"line":16,"column":23}},"6":{"start":{"line":17,"column":2},"end":{"line":17,"column":52}},"7":{"start":{"line":18,"column":2},"end":{"line":18,"column":32}},"8":{"start":{"line":19,"column":2},"end":{"line":19,"column":8}},"9":{"start":{"line":20,"column":8},"end":{"line":24,"column":null}},"10":{"start":{"line":21,"column":2},"end":{"line":21,"column":61}},"11":{"start":{"line":22,"column":2},"end":{"line":22,"column":78}},"12":{"start":{"line":23,"column":2},"end":{"line":23,"column":8}},"13":{"start":{"line":26,"column":1},"end":{"line":30,"column":null}},"14":{"start":{"line":27,"column":2},"end":{"line":27,"column":61}},"15":{"start":{"line":28,"column":2},"end":{"line":28,"column":88}},"16":{"start":{"line":29,"column":2},"end":{"line":29,"column":8}},"17":{"start":{"line":32,"column":1},"end":{"line":42,"column":null}},"18":{"start":{"line":33,"column":2},"end":{"line":33,"column":52}},"19":{"start":{"line":34,"column":25},"end":{"line":34,"column":58}},"20":{"start":{"line":34,"column":45},"end":{"line":34,"column":57}},"21":{"start":{"line":35,"column":2},"end":{"line":41,"column":null}},"22":{"start":{"line":36,"column":3},"end":{"line":36,"column":24}},"23":{"start":{"line":37,"column":3},"end":{"line":37,"column":43}},"24":{"start":{"line":39,"column":3},"end":{"line":39,"column":24}},"25":{"start":{"line":40,"column":3},"end":{"line":40,"column":78}},"26":{"start":{"line":4,"column":13},"end":{"line":4,"column":22}}},"fnMap":{"0":{"name":"(anonymous_0)","decl":{"start":{"line":4,"column":22},"end":{"line":4,"column":null}},"loc":{"start":{"line":10,"column":4},"end":{"line":43,"column":1}}},"1":{"name":"(anonymous_1)","decl":{"start":{"line":34,"column":37},"end":{"line":34,"column":38}},"loc":{"start":{"line":34,"column":45},"end":{"line":34,"column":57}}}},"branchMap":{"0":{"loc":{"start":{"line":11,"column":17},"end":{"line":11,"column":68}},"type":"cond-expr","locations":[{"start":{"line":11,"column":24},"end":{"line":11,"column":26}},{"start":{"line":11,"column":24},"end":{"line":11,"column":68}}]},"1":{"loc":{"start":{"line":11,"column":17},"end":{"line":11,"column":26}},"type":"binary-expr","locations":[{"start":{"line":11,"column":17},"end":{"line":11,"column":26}},{"start":{"line":11,"column":24},"end":{"line":11,"column":26}}]},"2":{"loc":{"start":{"line":12,"column":12},"end":{"line":12,"column":40}},"type":"binary-expr","locations":[{"start":{"line":12,"column":12},"end":{"line":12,"column":34}},{"start":{"line":12,"column":38},"end":{"line":12,"column":40}}]},"3":{"loc":{"start":{"line":12,"column":12},"end":{"line":12,"column":34}},"type":"cond-expr","locations":[{"start":{"line":12,"column":19},"end":{"line":12,"column":21}},{"start":{"line":12,"column":19},"end":{"line":12,"column":34}}]},"4":{"loc":{"start":{"line":12,"column":12},"end":{"line":12,"column":21}},"type":"binary-expr","locations":[{"start":{"line":12,"column":12},"end":{"line":12,"column":21}},{"start":{"line":12,"column":19},"end":{"line":12,"column":21}}]},"5":{"loc":{"start":{"line":15,"column":1},"end":{"line":24,"column":null}},"type":"if","locations":[{"start":{"line":15,"column":1},"end":{"line":24,"column":null}},{"start":{"line":20,"column":8},"end":{"line":24,"column":null}}]},"6":{"loc":{"start":{"line":20,"column":8},"end":{"line":24,"column":null}},"type":"if","locations":[{"start":{"line":20,"column":8},"end":{"line":24,"column":null}}]},"7":{"loc":{"start":{"line":26,"column":1},"end":{"line":30,"column":null}},"type":"if","locations":[{"start":{"line":26,"column":1},"end":{"line":30,"column":null}}]},"8":{"loc":{"start":{"line":32,"column":1},"end":{"line":42,"column":null}},"type":"if","locations":[{"start":{"line":32,"column":1},"end":{"line":42,"column":null}}]},"9":{"loc":{"start":{"line":32,"column":5},"end":{"line":32,"column":50}},"type":"binary-expr","locations":[{"start":{"line":32,"column":5},"end":{"line":32,"column":30}},{"start":{"line":32,"column":34},"end":{"line":32,"column":50}}]},"10":{"loc":{"start":{"line":35,"column":2},"end":{"line":41,"column":null}},"type":"if","locations":[{"start":{"line":35,"column":2},"end":{"line":41,"column":null}},{"start":{"line":38,"column":9},"end":{"line":41,"column":null}}]}},"s":{"0":1,"1":2,"2":2,"3":2,"4":2,"5":1,"6":1,"7":1,"8":1,"9":1,"10":1,"11":1,"12":1,"13":0,"14":0,"15":0,"16":0,"17":0,"18":0,"19":0,"20":0,"21":0,"22":0,"23":0,"24":0,"25":0,"26":1},"f":{"0":2,"1":0},"b":{"0":[0,2],"1":[2,2],"2":[2,2],"3":[0,2],"4":[2,2],"5":[1,1],"6":[1],"7":[0],"8":[0],"9":[0,0],"10":[0,0]}}
}
