TN:
SF:src/main.ts
FN:10,(anonymous_7)
FN:35,(anonymous_8)
FNF:2
FNH:2
FNDA:3,(anonymous_7)
FNDA:1,(anonymous_8)
DA:1,1
DA:2,1
DA:3,1
DA:4,1
DA:6,1
DA:8,1
DA:10,1
DA:11,3
DA:13,2
DA:14,2
DA:17,1
DA:20,0
DA:23,0
DA:26,0
DA:27,0
DA:28,0
DA:29,0
DA:30,0
DA:35,1
DA:36,1
LF:20
LH:13
BRDA:8,0,0,1
BRDA:8,0,1,0
BRDA:11,1,0,2
BRDA:11,1,1,1
BRDA:11,1,2,0
BRDA:11,1,3,0
BRDA:11,1,4,0
BRF:7
BRH:3
end_of_record
TN:
SF:src/data/users.ts
FNF:0
FNH:0
DA:1,1
DA:3,1
LF:2
LH:2
BRF:0
BRH:0
end_of_record
TN:
SF:src/methods/get-request.ts
FN:4,(anonymous_0)
FN:34,(anonymous_1)
FNF:2
FNH:1
FNDA:2,(anonymous_0)
FNDA:0,(anonymous_1)
DA:4,1
DA:11,2
DA:12,2
DA:13,2
DA:15,2
DA:16,1
DA:17,1
DA:18,1
DA:19,1
DA:20,1
DA:21,1
DA:22,1
DA:23,1
DA:26,0
DA:27,0
DA:28,0
DA:29,0
DA:32,0
DA:33,0
DA:34,0
DA:35,0
DA:36,0
DA:37,0
DA:39,0
DA:40,0
LF:25
LH:13
BRDA:11,0,0,0
BRDA:11,0,1,2
BRDA:11,1,0,2
BRDA:11,1,1,2
BRDA:12,2,0,2
BRDA:12,2,1,2
BRDA:12,3,0,0
BRDA:12,3,1,2
BRDA:12,4,0,2
BRDA:12,4,1,2
BRDA:15,5,0,1
BRDA:15,5,1,1
BRDA:20,6,0,1
BRDA:26,7,0,0
BRDA:32,8,0,0
BRDA:32,9,0,0
BRDA:32,9,1,0
BRDA:35,10,0,0
BRDA:35,10,1,0
BRF:19
BRH:11
end_of_record
